[03-Oct-2023 12:01:16 UTC] PHP Warning:  Attempt to read property "title" on null in C:\Users\skelo\Local Sites\wp-theme-test\app\public\wp-includes\class-wp-customize-widgets.php on line 905
[04-Oct-2023 10:51:20 UTC] PHP Fatal error:  Uncaught Error: Call to undefined function have_pages() in C:\Users\skelo\Local Sites\wp-theme-test\app\public\wp-content\themes\laszlotheme\page.php:2
Stack trace:
#0 C:\Users\skelo\Local Sites\wp-theme-test\app\public\wp-includes\template-loader.php(106): include()
#1 C:\Users\skelo\Local Sites\wp-theme-test\app\public\wp-blog-header.php(19): require_once('C:\\Users\\skelo\\...')
#2 C:\Users\skelo\Local Sites\wp-theme-test\app\public\index.php(17): require('C:\\Users\\skelo\\...')
#3 {main}
  thrown in C:\Users\skelo\Local Sites\wp-theme-test\app\public\wp-content\themes\laszlotheme\page.php on line 2
[04-Oct-2023 10:51:45 UTC] PHP Fatal error:  Uncaught Error: Call to undefined function the_page() in C:\Users\skelo\Local Sites\wp-theme-test\app\public\wp-content\themes\laszlotheme\page.php:3
Stack trace:
#0 C:\Users\skelo\Local Sites\wp-theme-test\app\public\wp-includes\template-loader.php(106): include()
#1 C:\Users\skelo\Local Sites\wp-theme-test\app\public\wp-blog-header.php(19): require_once('C:\\Users\\skelo\\...')
#2 C:\Users\skelo\Local Sites\wp-theme-test\app\public\index.php(17): require('C:\\Users\\skelo\\...')
#3 {main}
  thrown in C:\Users\skelo\Local Sites\wp-theme-test\app\public\wp-content\themes\laszlotheme\page.php on line 3
[04-Oct-2023 10:51:47 UTC] PHP Fatal error:  Uncaught Error: Call to undefined function the_page() in C:\Users\skelo\Local Sites\wp-theme-test\app\public\wp-content\themes\laszlotheme\page.php:3
Stack trace:
#0 C:\Users\skelo\Local Sites\wp-theme-test\app\public\wp-includes\template-loader.php(106): include()
#1 C:\Users\skelo\Local Sites\wp-theme-test\app\public\wp-blog-header.php(19): require_once('C:\\Users\\skelo\\...')
#2 C:\Users\skelo\Local Sites\wp-theme-test\app\public\index.php(17): require('C:\\Users\\skelo\\...')
#3 {main}
  thrown in C:\Users\skelo\Local Sites\wp-theme-test\app\public\wp-content\themes\laszlotheme\page.php on line 3
[04-Oct-2023 11:15:37 UTC] PHP Fatal error:  Uncaught Error: Undefined constant "laszlos_files" in C:\Users\skelo\Local Sites\wp-theme-test\app\public\wp-content\themes\laszlotheme\functions.php:7
Stack trace:
#0 C:\Users\skelo\Local Sites\wp-theme-test\app\public\wp-settings.php(600): include()
#1 C:\Users\skelo\Local Sites\wp-theme-test\app\public\wp-config.php(103): require_once('C:\\Users\\skelo\\...')
#2 C:\Users\skelo\Local Sites\wp-theme-test\app\public\wp-load.php(50): require_once('C:\\Users\\skelo\\...')
#3 C:\Users\skelo\Local Sites\wp-theme-test\app\public\wp-blog-header.php(13): require_once('C:\\Users\\skelo\\...')
#4 C:\Users\skelo\Local Sites\wp-theme-test\app\public\index.php(17): require('C:\\Users\\skelo\\...')
#5 {main}
  thrown in C:\Users\skelo\Local Sites\wp-theme-test\app\public\wp-content\themes\laszlotheme\functions.php on line 7
[04-Oct-2023 11:15:38 UTC] PHP Fatal error:  Uncaught Error: Undefined constant "laszlos_files" in C:\Users\skelo\Local Sites\wp-theme-test\app\public\wp-content\themes\laszlotheme\functions.php:7
Stack trace:
#0 C:\Users\skelo\Local Sites\wp-theme-test\app\public\wp-settings.php(600): include()
#1 C:\Users\skelo\Local Sites\wp-theme-test\app\public\wp-config.php(103): require_once('C:\\Users\\skelo\\...')
#2 C:\Users\skelo\Local Sites\wp-theme-test\app\public\wp-load.php(50): require_once('C:\\Users\\skelo\\...')
#3 C:\Users\skelo\Local Sites\wp-theme-test\app\public\wp-blog-header.php(13): require_once('C:\\Users\\skelo\\...')
#4 C:\Users\skelo\Local Sites\wp-theme-test\app\public\index.php(17): require('C:\\Users\\skelo\\...')
#5 {main}
  thrown in C:\Users\skelo\Local Sites\wp-theme-test\app\public\wp-content\themes\laszlotheme\functions.php on line 7
[04-Oct-2023 11:16:36 UTC] PHP Fatal error:  Uncaught Error: Undefined constant "laszlos_files" in C:\Users\skelo\Local Sites\wp-theme-test\app\public\wp-content\themes\laszlotheme\functions.php:7
Stack trace:
#0 C:\Users\skelo\Local Sites\wp-theme-test\app\public\wp-settings.php(600): include()
#1 C:\Users\skelo\Local Sites\wp-theme-test\app\public\wp-config.php(103): require_once('C:\\Users\\skelo\\...')
#2 C:\Users\skelo\Local Sites\wp-theme-test\app\public\wp-load.php(50): require_once('C:\\Users\\skelo\\...')
#3 C:\Users\skelo\Local Sites\wp-theme-test\app\public\wp-blog-header.php(13): require_once('C:\\Users\\skelo\\...')
#4 C:\Users\skelo\Local Sites\wp-theme-test\app\public\index.php(17): require('C:\\Users\\skelo\\...')
#5 {main}
  thrown in C:\Users\skelo\Local Sites\wp-theme-test\app\public\wp-content\themes\laszlotheme\functions.php on line 7
[04-Oct-2023 11:17:40 UTC] PHP Fatal error:  Uncaught Error: Undefined constant "laszlos_files" in C:\Users\skelo\Local Sites\wp-theme-test\app\public\wp-content\themes\laszlotheme\functions.php:7
Stack trace:
#0 C:\Users\skelo\Local Sites\wp-theme-test\app\public\wp-settings.php(600): include()
#1 C:\Users\skelo\Local Sites\wp-theme-test\app\public\wp-config.php(103): require_once('C:\\Users\\skelo\\...')
#2 C:\Users\skelo\Local Sites\wp-theme-test\app\public\wp-load.php(50): require_once('C:\\Users\\skelo\\...')
#3 C:\Users\skelo\Local Sites\wp-theme-test\app\public\wp-blog-header.php(13): require_once('C:\\Users\\skelo\\...')
#4 C:\Users\skelo\Local Sites\wp-theme-test\app\public\index.php(17): require('C:\\Users\\skelo\\...')
#5 {main}
  thrown in C:\Users\skelo\Local Sites\wp-theme-test\app\public\wp-content\themes\laszlotheme\functions.php on line 7
[04-Oct-2023 11:17:45 UTC] PHP Fatal error:  Uncaught Error: Undefined constant "laszlos_files" in C:\Users\skelo\Local Sites\wp-theme-test\app\public\wp-content\themes\laszlotheme\functions.php:7
Stack trace:
#0 C:\Users\skelo\Local Sites\wp-theme-test\app\public\wp-settings.php(600): include()
#1 C:\Users\skelo\Local Sites\wp-theme-test\app\public\wp-config.php(103): require_once('C:\\Users\\skelo\\...')
#2 C:\Users\skelo\Local Sites\wp-theme-test\app\public\wp-load.php(50): require_once('C:\\Users\\skelo\\...')
#3 C:\Users\skelo\Local Sites\wp-theme-test\app\public\wp-admin\admin.php(34): require_once('C:\\Users\\skelo\\...')
#4 C:\Users\skelo\Local Sites\wp-theme-test\app\public\wp-admin\edit.php(10): require_once('C:\\Users\\skelo\\...')
#5 {main}
  thrown in C:\Users\skelo\Local Sites\wp-theme-test\app\public\wp-content\themes\laszlotheme\functions.php on line 7
[04-Oct-2023 11:17:45 UTC] PHP Warning:  Trying to access array offset on value of type bool in C:\Users\skelo\Local Sites\wp-theme-test\app\public\wp-includes\class-wp-recovery-mode-email-service.php on line 367
[04-Oct-2023 11:17:45 UTC] PHP Warning:  Trying to access array offset on value of type bool in C:\Users\skelo\Local Sites\wp-theme-test\app\public\wp-includes\class-wp-recovery-mode-email-service.php on line 368
[04-Oct-2023 11:17:46 UTC] PHP Fatal error:  Uncaught Error: Undefined constant "laszlos_files" in C:\Users\skelo\Local Sites\wp-theme-test\app\public\wp-content\themes\laszlotheme\functions.php:7
Stack trace:
#0 C:\Users\skelo\Local Sites\wp-theme-test\app\public\wp-settings.php(600): include()
#1 C:\Users\skelo\Local Sites\wp-theme-test\app\public\wp-config.php(103): require_once('C:\\Users\\skelo\\...')
#2 C:\Users\skelo\Local Sites\wp-theme-test\app\public\wp-load.php(50): require_once('C:\\Users\\skelo\\...')
#3 C:\Users\skelo\Local Sites\wp-theme-test\app\public\wp-admin\admin.php(34): require_once('C:\\Users\\skelo\\...')
#4 C:\Users\skelo\Local Sites\wp-theme-test\app\public\wp-admin\post.php(12): require_once('C:\\Users\\skelo\\...')
#5 {main}
  thrown in C:\Users\skelo\Local Sites\wp-theme-test\app\public\wp-content\themes\laszlotheme\functions.php on line 7
[04-Oct-2023 11:17:46 UTC] PHP Fatal error:  Uncaught Error: Undefined constant "laszlos_files" in C:\Users\skelo\Local Sites\wp-theme-test\app\public\wp-content\themes\laszlotheme\functions.php:7
Stack trace:
#0 C:\Users\skelo\Local Sites\wp-theme-test\app\public\wp-settings.php(600): include()
#1 C:\Users\skelo\Local Sites\wp-theme-test\app\public\wp-config.php(103): require_once('C:\\Users\\skelo\\...')
#2 C:\Users\skelo\Local Sites\wp-theme-test\app\public\wp-load.php(50): require_once('C:\\Users\\skelo\\...')
#3 C:\Users\skelo\Local Sites\wp-theme-test\app\public\wp-admin\admin.php(34): require_once('C:\\Users\\skelo\\...')
#4 C:\Users\skelo\Local Sites\wp-theme-test\app\public\wp-admin\edit.php(10): require_once('C:\\Users\\skelo\\...')
#5 {main}
  thrown in C:\Users\skelo\Local Sites\wp-theme-test\app\public\wp-content\themes\laszlotheme\functions.php on line 7
[04-Oct-2023 11:17:47 UTC] PHP Fatal error:  Uncaught Error: Undefined constant "laszlos_files" in C:\Users\skelo\Local Sites\wp-theme-test\app\public\wp-content\themes\laszlotheme\functions.php:7
Stack trace:
#0 C:\Users\skelo\Local Sites\wp-theme-test\app\public\wp-settings.php(600): include()
#1 C:\Users\skelo\Local Sites\wp-theme-test\app\public\wp-config.php(103): require_once('C:\\Users\\skelo\\...')
#2 C:\Users\skelo\Local Sites\wp-theme-test\app\public\wp-load.php(50): require_once('C:\\Users\\skelo\\...')
#3 C:\Users\skelo\Local Sites\wp-theme-test\app\public\wp-admin\admin.php(34): require_once('C:\\Users\\skelo\\...')
#4 C:\Users\skelo\Local Sites\wp-theme-test\app\public\wp-admin\post.php(12): require_once('C:\\Users\\skelo\\...')
#5 {main}
  thrown in C:\Users\skelo\Local Sites\wp-theme-test\app\public\wp-content\themes\laszlotheme\functions.php on line 7
[04-Oct-2023 11:17:47 UTC] PHP Fatal error:  Uncaught Error: Undefined constant "laszlos_files" in C:\Users\skelo\Local Sites\wp-theme-test\app\public\wp-content\themes\laszlotheme\functions.php:7
Stack trace:
#0 C:\Users\skelo\Local Sites\wp-theme-test\app\public\wp-settings.php(600): include()
#1 C:\Users\skelo\Local Sites\wp-theme-test\app\public\wp-config.php(103): require_once('C:\\Users\\skelo\\...')
#2 C:\Users\skelo\Local Sites\wp-theme-test\app\public\wp-load.php(50): require_once('C:\\Users\\skelo\\...')
#3 C:\Users\skelo\Local Sites\wp-theme-test\app\public\wp-admin\admin.php(34): require_once('C:\\Users\\skelo\\...')
#4 C:\Users\skelo\Local Sites\wp-theme-test\app\public\wp-admin\edit.php(10): require_once('C:\\Users\\skelo\\...')
#5 {main}
  thrown in C:\Users\skelo\Local Sites\wp-theme-test\app\public\wp-content\themes\laszlotheme\functions.php on line 7
[04-Oct-2023 11:17:48 UTC] PHP Fatal error:  Uncaught Error: Undefined constant "laszlos_files" in C:\Users\skelo\Local Sites\wp-theme-test\app\public\wp-content\themes\laszlotheme\functions.php:7
Stack trace:
#0 C:\Users\skelo\Local Sites\wp-theme-test\app\public\wp-settings.php(600): include()
#1 C:\Users\skelo\Local Sites\wp-theme-test\app\public\wp-config.php(103): require_once('C:\\Users\\skelo\\...')
#2 C:\Users\skelo\Local Sites\wp-theme-test\app\public\wp-load.php(50): require_once('C:\\Users\\skelo\\...')
#3 C:\Users\skelo\Local Sites\wp-theme-test\app\public\wp-admin\admin.php(34): require_once('C:\\Users\\skelo\\...')
#4 C:\Users\skelo\Local Sites\wp-theme-test\app\public\wp-admin\about.php(10): require_once('C:\\Users\\skelo\\...')
#5 {main}
  thrown in C:\Users\skelo\Local Sites\wp-theme-test\app\public\wp-content\themes\laszlotheme\functions.php on line 7
[04-Oct-2023 11:17:48 UTC] PHP Fatal error:  Uncaught Error: Undefined constant "laszlos_files" in C:\Users\skelo\Local Sites\wp-theme-test\app\public\wp-content\themes\laszlotheme\functions.php:7
Stack trace:
#0 C:\Users\skelo\Local Sites\wp-theme-test\app\public\wp-settings.php(600): include()
#1 C:\Users\skelo\Local Sites\wp-theme-test\app\public\wp-config.php(103): require_once('C:\\Users\\skelo\\...')
#2 C:\Users\skelo\Local Sites\wp-theme-test\app\public\wp-load.php(50): require_once('C:\\Users\\skelo\\...')
#3 C:\Users\skelo\Local Sites\wp-theme-test\app\public\wp-admin\admin.php(34): require_once('C:\\Users\\skelo\\...')
#4 C:\Users\skelo\Local Sites\wp-theme-test\app\public\wp-admin\edit.php(10): require_once('C:\\Users\\skelo\\...')
#5 {main}
  thrown in C:\Users\skelo\Local Sites\wp-theme-test\app\public\wp-content\themes\laszlotheme\functions.php on line 7
[04-Oct-2023 11:17:49 UTC] PHP Fatal error:  Uncaught Error: Undefined constant "laszlos_files" in C:\Users\skelo\Local Sites\wp-theme-test\app\public\wp-content\themes\laszlotheme\functions.php:7
Stack trace:
#0 C:\Users\skelo\Local Sites\wp-theme-test\app\public\wp-settings.php(600): include()
#1 C:\Users\skelo\Local Sites\wp-theme-test\app\public\wp-config.php(103): require_once('C:\\Users\\skelo\\...')
#2 C:\Users\skelo\Local Sites\wp-theme-test\app\public\wp-load.php(50): require_once('C:\\Users\\skelo\\...')
#3 C:\Users\skelo\Local Sites\wp-theme-test\app\public\wp-admin\admin.php(34): require_once('C:\\Users\\skelo\\...')
#4 C:\Users\skelo\Local Sites\wp-theme-test\app\public\wp-admin\post.php(12): require_once('C:\\Users\\skelo\\...')
#5 {main}
  thrown in C:\Users\skelo\Local Sites\wp-theme-test\app\public\wp-content\themes\laszlotheme\functions.php on line 7
[04-Oct-2023 11:17:49 UTC] PHP Fatal error:  Uncaught Error: Undefined constant "laszlos_files" in C:\Users\skelo\Local Sites\wp-theme-test\app\public\wp-content\themes\laszlotheme\functions.php:7
Stack trace:
#0 C:\Users\skelo\Local Sites\wp-theme-test\app\public\wp-settings.php(600): include()
#1 C:\Users\skelo\Local Sites\wp-theme-test\app\public\wp-config.php(103): require_once('C:\\Users\\skelo\\...')
#2 C:\Users\skelo\Local Sites\wp-theme-test\app\public\wp-load.php(50): require_once('C:\\Users\\skelo\\...')
#3 C:\Users\skelo\Local Sites\wp-theme-test\app\public\wp-admin\admin.php(34): require_once('C:\\Users\\skelo\\...')
#4 C:\Users\skelo\Local Sites\wp-theme-test\app\public\wp-admin\edit.php(10): require_once('C:\\Users\\skelo\\...')
#5 {main}
  thrown in C:\Users\skelo\Local Sites\wp-theme-test\app\public\wp-content\themes\laszlotheme\functions.php on line 7
[04-Oct-2023 11:17:50 UTC] PHP Fatal error:  Uncaught Error: Undefined constant "laszlos_files" in C:\Users\skelo\Local Sites\wp-theme-test\app\public\wp-content\themes\laszlotheme\functions.php:7
Stack trace:
#0 C:\Users\skelo\Local Sites\wp-theme-test\app\public\wp-settings.php(600): include()
#1 C:\Users\skelo\Local Sites\wp-theme-test\app\public\wp-config.php(103): require_once('C:\\Users\\skelo\\...')
#2 C:\Users\skelo\Local Sites\wp-theme-test\app\public\wp-load.php(50): require_once('C:\\Users\\skelo\\...')
#3 C:\Users\skelo\Local Sites\wp-theme-test\app\public\wp-admin\admin.php(34): require_once('C:\\Users\\skelo\\...')
#4 C:\Users\skelo\Local Sites\wp-theme-test\app\public\wp-admin\post.php(12): require_once('C:\\Users\\skelo\\...')
#5 {main}
  thrown in C:\Users\skelo\Local Sites\wp-theme-test\app\public\wp-content\themes\laszlotheme\functions.php on line 7
[04-Oct-2023 11:17:50 UTC] PHP Fatal error:  Uncaught Error: Undefined constant "laszlos_files" in C:\Users\skelo\Local Sites\wp-theme-test\app\public\wp-content\themes\laszlotheme\functions.php:7
Stack trace:
#0 C:\Users\skelo\Local Sites\wp-theme-test\app\public\wp-settings.php(600): include()
#1 C:\Users\skelo\Local Sites\wp-theme-test\app\public\wp-config.php(103): require_once('C:\\Users\\skelo\\...')
#2 C:\Users\skelo\Local Sites\wp-theme-test\app\public\wp-load.php(50): require_once('C:\\Users\\skelo\\...')
#3 C:\Users\skelo\Local Sites\wp-theme-test\app\public\wp-admin\admin.php(34): require_once('C:\\Users\\skelo\\...')
#4 C:\Users\skelo\Local Sites\wp-theme-test\app\public\wp-admin\edit.php(10): require_once('C:\\Users\\skelo\\...')
#5 {main}
  thrown in C:\Users\skelo\Local Sites\wp-theme-test\app\public\wp-content\themes\laszlotheme\functions.php on line 7
[04-Oct-2023 11:17:51 UTC] PHP Fatal error:  Uncaught Error: Undefined constant "laszlos_files" in C:\Users\skelo\Local Sites\wp-theme-test\app\public\wp-content\themes\laszlotheme\functions.php:7
Stack trace:
#0 C:\Users\skelo\Local Sites\wp-theme-test\app\public\wp-settings.php(600): include()
#1 C:\Users\skelo\Local Sites\wp-theme-test\app\public\wp-config.php(103): require_once('C:\\Users\\skelo\\...')
#2 C:\Users\skelo\Local Sites\wp-theme-test\app\public\wp-load.php(50): require_once('C:\\Users\\skelo\\...')
#3 C:\Users\skelo\Local Sites\wp-theme-test\app\public\wp-admin\admin.php(34): require_once('C:\\Users\\skelo\\...')
#4 C:\Users\skelo\Local Sites\wp-theme-test\app\public\wp-admin\post.php(12): require_once('C:\\Users\\skelo\\...')
#5 {main}
  thrown in C:\Users\skelo\Local Sites\wp-theme-test\app\public\wp-content\themes\laszlotheme\functions.php on line 7
[04-Oct-2023 11:17:51 UTC] PHP Fatal error:  Uncaught Error: Undefined constant "laszlos_files" in C:\Users\skelo\Local Sites\wp-theme-test\app\public\wp-content\themes\laszlotheme\functions.php:7
Stack trace:
#0 C:\Users\skelo\Local Sites\wp-theme-test\app\public\wp-settings.php(600): include()
#1 C:\Users\skelo\Local Sites\wp-theme-test\app\public\wp-config.php(103): require_once('C:\\Users\\skelo\\...')
#2 C:\Users\skelo\Local Sites\wp-theme-test\app\public\wp-load.php(50): require_once('C:\\Users\\skelo\\...')
#3 C:\Users\skelo\Local Sites\wp-theme-test\app\public\wp-admin\admin.php(34): require_once('C:\\Users\\skelo\\...')
#4 C:\Users\skelo\Local Sites\wp-theme-test\app\public\wp-admin\edit.php(10): require_once('C:\\Users\\skelo\\...')
#5 {main}
  thrown in C:\Users\skelo\Local Sites\wp-theme-test\app\public\wp-content\themes\laszlotheme\functions.php on line 7
[04-Oct-2023 11:17:51 UTC] PHP Fatal error:  Uncaught Error: Undefined constant "laszlos_files" in C:\Users\skelo\Local Sites\wp-theme-test\app\public\wp-content\themes\laszlotheme\functions.php:7
Stack trace:
#0 C:\Users\skelo\Local Sites\wp-theme-test\app\public\wp-settings.php(600): include()
#1 C:\Users\skelo\Local Sites\wp-theme-test\app\public\wp-config.php(103): require_once('C:\\Users\\skelo\\...')
#2 C:\Users\skelo\Local Sites\wp-theme-test\app\public\wp-load.php(50): require_once('C:\\Users\\skelo\\...')
#3 C:\Users\skelo\Local Sites\wp-theme-test\app\public\wp-admin\admin.php(34): require_once('C:\\Users\\skelo\\...')
#4 C:\Users\skelo\Local Sites\wp-theme-test\app\public\wp-admin\post.php(12): require_once('C:\\Users\\skelo\\...')
#5 {main}
  thrown in C:\Users\skelo\Local Sites\wp-theme-test\app\public\wp-content\themes\laszlotheme\functions.php on line 7
[04-Oct-2023 11:17:53 UTC] PHP Fatal error:  Uncaught Error: Undefined constant "laszlos_files" in C:\Users\skelo\Local Sites\wp-theme-test\app\public\wp-content\themes\laszlotheme\functions.php:7
Stack trace:
#0 C:\Users\skelo\Local Sites\wp-theme-test\app\public\wp-settings.php(600): include()
#1 C:\Users\skelo\Local Sites\wp-theme-test\app\public\wp-config.php(103): require_once('C:\\Users\\skelo\\...')
#2 C:\Users\skelo\Local Sites\wp-theme-test\app\public\wp-load.php(50): require_once('C:\\Users\\skelo\\...')
#3 C:\Users\skelo\Local Sites\wp-theme-test\app\public\wp-admin\admin.php(34): require_once('C:\\Users\\skelo\\...')
#4 C:\Users\skelo\Local Sites\wp-theme-test\app\public\wp-admin\edit.php(10): require_once('C:\\Users\\skelo\\...')
#5 {main}
  thrown in C:\Users\skelo\Local Sites\wp-theme-test\app\public\wp-content\themes\laszlotheme\functions.php on line 7
[04-Oct-2023 11:22:20 UTC] PHP Fatal error:  Uncaught Error: Undefined constant "wp_footer" in C:\Users\skelo\Local Sites\wp-theme-test\app\public\wp-content\themes\laszlotheme\footer.php:5
Stack trace:
#0 C:\Users\skelo\Local Sites\wp-theme-test\app\public\wp-includes\template.php(785): require_once()
#1 C:\Users\skelo\Local Sites\wp-theme-test\app\public\wp-includes\template.php(720): load_template('C:\\Users\\skelo\\...', true, Array)
#2 C:\Users\skelo\Local Sites\wp-theme-test\app\public\wp-includes\general-template.php(92): locate_template(Array, true, true, Array)
#3 C:\Users\skelo\Local Sites\wp-theme-test\app\public\wp-content\themes\laszlotheme\index.php(20): get_footer()
#4 C:\Users\skelo\Local Sites\wp-theme-test\app\public\wp-includes\template-loader.php(106): include('C:\\Users\\skelo\\...')
#5 C:\Users\skelo\Local Sites\wp-theme-test\app\public\wp-blog-header.php(19): require_once('C:\\Users\\skelo\\...')
#6 C:\Users\skelo\Local Sites\wp-theme-test\app\public\index.php(17): require('C:\\Users\\skelo\\...')
#7 {main}
  thrown in C:\Users\skelo\Local Sites\wp-theme-test\app\public\wp-content\themes\laszlotheme\footer.php on line 5
[04-Oct-2023 11:22:22 UTC] PHP Fatal error:  Uncaught Error: Undefined constant "wp_footer" in C:\Users\skelo\Local Sites\wp-theme-test\app\public\wp-content\themes\laszlotheme\footer.php:5
Stack trace:
#0 C:\Users\skelo\Local Sites\wp-theme-test\app\public\wp-includes\template.php(785): require_once()
#1 C:\Users\skelo\Local Sites\wp-theme-test\app\public\wp-includes\template.php(720): load_template('C:\\Users\\skelo\\...', true, Array)
#2 C:\Users\skelo\Local Sites\wp-theme-test\app\public\wp-includes\general-template.php(92): locate_template(Array, true, true, Array)
#3 C:\Users\skelo\Local Sites\wp-theme-test\app\public\wp-content\themes\laszlotheme\index.php(20): get_footer()
#4 C:\Users\skelo\Local Sites\wp-theme-test\app\public\wp-includes\template-loader.php(106): include('C:\\Users\\skelo\\...')
#5 C:\Users\skelo\Local Sites\wp-theme-test\app\public\wp-blog-header.php(19): require_once('C:\\Users\\skelo\\...')
#6 C:\Users\skelo\Local Sites\wp-theme-test\app\public\index.php(17): require('C:\\Users\\skelo\\...')
#7 {main}
  thrown in C:\Users\skelo\Local Sites\wp-theme-test\app\public\wp-content\themes\laszlotheme\footer.php on line 5
